0 info it worked if it ends with ok
1 verbose cli [ 'C:\\Program Files\\nodejs\\node.exe',
1 verbose cli   'C:\\Program Files\\nodejs\\node_modules\\npm\\bin\\npm-cli.js',
1 verbose cli   'publish' ]
2 info using npm@3.10.8
3 info using node@v6.9.1
4 verbose publish [ '.' ]
5 silly cache add args [ '.', null ]
6 verbose cache add spec .
7 silly cache add parsed spec Result {
7 silly cache add   raw: '.',
7 silly cache add   scope: null,
7 silly cache add   escapedName: null,
7 silly cache add   name: null,
7 silly cache add   rawSpec: '.',
7 silly cache add   spec: 'C:\\Projects\\node',
7 silly cache add   type: 'directory' }
8 verbose addLocalDirectory C:\Users\yaroslav.putria\AppData\Roaming\npm-cache\tmp_module\1.0.0\package.tgz not in flight; packing
9 verbose correctMkdir C:\Users\yaroslav.putria\AppData\Roaming\npm-cache correctMkdir not in flight; initializing
10 info lifecycle tmp_module@1.0.0~prepublish: tmp_module@1.0.0
11 silly lifecycle tmp_module@1.0.0~prepublish: no script for prepublish, continuing
12 verbose tar pack [ 'C:\\Users\\yaroslav.putria\\AppData\\Roaming\\npm-cache\\tmp_module\\1.0.0\\package.tgz',
12 verbose tar pack   'C:\\Projects\\node' ]
13 verbose tarball C:\Users\yaroslav.putria\AppData\Roaming\npm-cache\tmp_module\1.0.0\package.tgz
14 verbose folder C:\Projects\node
15 verbose addLocalTarball adding from inside cache C:\Users\yaroslav.putria\AppData\Roaming\npm-cache\tmp_module\1.0.0\package.tgz
16 verbose correctMkdir C:\Users\yaroslav.putria\AppData\Roaming\npm-cache correctMkdir not in flight; initializing
17 silly cache afterAdd tmp_module@1.0.0
18 verbose afterAdd C:\Users\yaroslav.putria\AppData\Roaming\npm-cache\tmp_module\1.0.0\package\package.json not in flight; writing
19 verbose correctMkdir C:\Users\yaroslav.putria\AppData\Roaming\npm-cache correctMkdir not in flight; initializing
20 verbose afterAdd C:\Users\yaroslav.putria\AppData\Roaming\npm-cache\tmp_module\1.0.0\package\package.json written
21 silly publish { name: 'tmp_module',
21 silly publish   version: '1.0.0',
21 silly publish   description: 'Just for practice ;)',
21 silly publish   main: 'server.js',
21 silly publish   dependencies: { express: '^4.14.0' },
21 silly publish   devDependencies: {},
21 silly publish   scripts:
21 silly publish    { test: 'echo "Error: no test specified" && exit 1',
21 silly publish      start: 'node server.js' },
21 silly publish   repository:
21 silly publish    { type: 'git',
21 silly publish      url: 'git+https://github.com/yaroslavputria/tmp_module.git' },
21 silly publish   keywords: [ 'learning', 'node' ],
21 silly publish   author: { name: 'Yaroslav Putria' },
21 silly publish   license: 'ISC',
21 silly publish   bugs: { url: 'https://github.com/yaroslavputria/tmp_module/issues' },
21 silly publish   homepage: 'https://github.com/yaroslavputria/tmp_module#readme',
21 silly publish   readme: '# tmp_module\r\nJust for practice ;)\r\n',
21 silly publish   readmeFilename: 'README.md',
21 silly publish   gitHead: '0c7ee425445b0257867c9b83c6851a568e5d7507',
21 silly publish   _id: 'tmp_module@1.0.0',
21 silly publish   _shasum: '417c944e6a474aa2dd9fabcb57d844abe0bc7723',
21 silly publish   _from: '.' }
22 verbose getPublishConfig undefined
23 silly mapToRegistry name tmp_module
24 silly mapToRegistry using default registry
25 silly mapToRegistry registry https://registry.npmjs.org/
26 silly mapToRegistry data Result {
26 silly mapToRegistry   raw: 'tmp_module',
26 silly mapToRegistry   scope: null,
26 silly mapToRegistry   escapedName: 'tmp_module',
26 silly mapToRegistry   name: 'tmp_module',
26 silly mapToRegistry   rawSpec: '',
26 silly mapToRegistry   spec: 'latest',
26 silly mapToRegistry   type: 'tag' }
27 silly mapToRegistry uri https://registry.npmjs.org/tmp_module
28 verbose publish registryBase https://registry.npmjs.org/
29 silly publish uploading C:\Users\yaroslav.putria\AppData\Roaming\npm-cache\tmp_module\1.0.0\package.tgz
30 verbose request uri https://registry.npmjs.org/tmp_module
31 verbose request sending authorization for write operation
32 info attempt registry request try #1 at 12:19:14 PM
33 verbose request using bearer token for auth
34 verbose request id 1d25831dbc9e224f
35 http request PUT https://registry.npmjs.org/tmp_module
36 http 403 https://registry.npmjs.org/tmp_module
37 verbose headers { 'content-type': 'application/json',
37 verbose headers   'cache-control': 'max-age=300',
37 verbose headers   'content-length': '95',
37 verbose headers   'accept-ranges': 'bytes',
37 verbose headers   date: 'Tue, 06 Dec 2016 10:19:15 GMT',
37 verbose headers   via: '1.1 varnish',
37 verbose headers   connection: 'keep-alive',
37 verbose headers   'x-served-by': 'cache-lhr6339-LHR',
37 verbose headers   'x-cache': 'MISS',
37 verbose headers   'x-cache-hits': '0',
37 verbose headers   'x-timer': 'S1481019554.618082,VS0,VE829',
37 verbose headers   vary: 'Accept-Encoding' }
38 verbose request invalidating C:\Users\yaroslav.putria\AppData\Roaming\npm-cache\registry.npmjs.org\tmp_module on PUT
39 error publish Failed PUT 403
40 verbose stack Error: "You cannot publish over the previously published version 1.0.0." : tmp_module
40 verbose stack     at makeError (C:\Program Files\nodejs\node_modules\npm\node_modules\npm-registry-client\lib\request.js:302:12)
40 verbose stack     at CachingRegistryClient.<anonymous> (C:\Program Files\nodejs\node_modules\npm\node_modules\npm-registry-client\lib\request.js:290:14)
40 verbose stack     at Request._callback (C:\Program Files\nodejs\node_modules\npm\node_modules\npm-registry-client\lib\request.js:210:14)
40 verbose stack     at Request.self.callback (C:\Program Files\nodejs\node_modules\npm\node_modules\request\request.js:187:22)
40 verbose stack     at emitTwo (events.js:106:13)
40 verbose stack     at Request.emit (events.js:191:7)
40 verbose stack     at Request.<anonymous> (C:\Program Files\nodejs\node_modules\npm\node_modules\request\request.js:1044:10)
40 verbose stack     at emitOne (events.js:96:13)
40 verbose stack     at Request.emit (events.js:188:7)
40 verbose stack     at IncomingMessage.<anonymous> (C:\Program Files\nodejs\node_modules\npm\node_modules\request\request.js:965:12)
41 verbose statusCode 403
42 verbose pkgid tmp_module
43 verbose cwd C:\Projects\node
44 error Windows_NT 6.3.9600
45 error argv "C:\\Program Files\\nodejs\\node.exe" "C:\\Program Files\\nodejs\\node_modules\\npm\\bin\\npm-cli.js" "publish"
46 error node v6.9.1
47 error npm  v3.10.8
48 error code E403
49 error "You cannot publish over the previously published version 1.0.0." : tmp_module
50 error If you need help, you may report this error at:
50 error     <https://github.com/npm/npm/issues>
51 verbose exit [ 1, true ]
